<?xml version="1.0" encoding="UTF-8"?>
<!-- Generated by org.testng.reporters.JUnitXMLReporter -->
<testsuite ignored="0" hostname="STVMLAP-2448" failures="0" tests="6" name="Test" time="820.48" errors="0" timestamp="2023-06-08T00:28:46 IST">
  <testcase classname="SAFER_Meetings.Meetings_AllScenarios" name="RUNALL" time="136.578"/>
  <testcase classname="SAFER_Meetings.Meetings_AllScenarios" name="RUNALL" time="112.758"/>
  <testcase classname="SAFER_Meetings.Meetings_AllScenarios" name="RUNALL" time="117.076"/>
  <testcase classname="SAFER_Meetings.Meetings_AllScenarios" name="RUNALL" time="178.445"/>
  <testcase classname="SAFER_Meetings.Meetings_AllScenarios" name="RUNALL" time="129.652"/>
  <testcase classname="SAFER_Meetings.Meetings_AllScenarios" name="RUNALL" time="145.793"/>
</testsuite> <!-- Test -->
