<?xml version="1.0" encoding="UTF-8"?>
<!-- Generated by org.testng.reporters.JUnitXMLReporter -->
<testsuite ignored="0" hostname="SPMUMLAP-065" failures="0" tests="7" name="Test" time="1.54" errors="0" timestamp="2023-12-16T19:44:12 IST">
  <testcase classname="FBMC_User_Admin_Registration_TCs.FBMC_User_Admin_Registration_AllScenarios" name="RUNALL" time="0.005"/>
  <testcase classname="FBMC_User_Admin_Registration_TCs.FBMC_User_Admin_Registration_AllScenarios" name="RUNALL" time="0.001"/>
  <testcase classname="FBMC_User_Admin_Registration_TCs.FBMC_User_Admin_Registration_AllScenarios" name="RUNALL" time="0.001"/>
  <testcase classname="FBMC_User_Admin_Registration_TCs.FBMC_User_Admin_Registration_AllScenarios" name="RUNALL" time="0.001"/>
  <testcase classname="FBMC_User_Admin_Registration_TCs.FBMC_User_Admin_Registration_AllScenarios" name="RUNALL" time="0.001"/>
  <testcase classname="FBMC_User_Admin_Registration_TCs.FBMC_User_Admin_Registration_AllScenarios" name="RUNALL" time="0.001"/>
  <testcase classname="FBMC_User_Admin_Registration_TCs.FBMC_User_Admin_Registration_AllScenarios" name="RUNALL" time="0.001"/>
</testsuite> <!-- Test -->
