<?xml version="1.0" encoding="UTF-8"?>
<!-- Generated by org.testng.reporters.JUnitXMLReporter -->
<testsuite ignored="0" hostname="STVMLAP-2448" failures="0" tests="8" name="Test" time="1019.167" errors="0" timestamp="2023-06-08T00:45:45 IST">
  <testcase classname="SAFER_MemberResources.SCR_MemberResource_AllScenarios" name="RUNALL" time="162.402"/>
  <testcase classname="SAFER_MemberResources.SCR_MemberResource_AllScenarios" name="RUNALL" time="110.736"/>
  <testcase classname="SAFER_MemberResources.SCR_MemberResource_AllScenarios" name="RUNALL" time="114.94"/>
  <testcase classname="SAFER_MemberResources.SCR_MemberResource_AllScenarios" name="RUNALL" time="119.262"/>
  <testcase classname="SAFER_MemberResources.SCR_MemberResource_AllScenarios" name="RUNALL" time="161.593"/>
  <testcase classname="SAFER_MemberResources.SCR_MemberResource_AllScenarios" name="RUNALL" time="119.864"/>
  <testcase classname="SAFER_MemberResources.SCR_MemberResource_AllScenarios" name="RUNALL" time="119.198"/>
  <testcase classname="SAFER_MemberResources.SCR_MemberResource_AllScenarios" name="RUNALL" time="110.931"/>
</testsuite> <!-- Test -->
