<?xml version="1.0" encoding="UTF-8"?>
<!-- Generated by org.testng.reporters.JUnitXMLReporter -->
<testsuite ignored="0" hostname="SPMUMLAP-065" failures="10" tests="10" name="Test(failed)" time="1.274" errors="0" timestamp="2023-12-13T13:06:09 IST">
  <testcase classname="IHA_ContentMgt.IHA_ContentManagement_AllScenarios" name="RUNALL" time="0.107">
    <failure type="java.lang.NullPointerException" message="Cannot invoke &amp;quot;com.aventstack.extentreports.ExtentTest.log(com.aventstack.extentreports.Status, String)&amp;quot; because the return value of &amp;quot;com.extentReports.ExtentTestManager.getTest()&amp;quot; is null">
      <![CDATA[java.lang.NullPointerException: Cannot invoke "com.aventstack.extentreports.ExtentTest.log(com.aventstack.extentreports.Status, String)" because the return value of "com.extentReports.ExtentTestManager.getTest()" is null
at IHA_ContentMgt.IHA_ContentManagement_AllScenarios.RUNALL(IHA_ContentManagement_AllScenarios.java:262)
at java.base/java.util.ArrayList.forEach(ArrayList.java:1511)
... Removed 27 stack frames]]>
    </failure>
  </testcase> <!-- RUNALL -->
  <testcase classname="IHA_ContentMgt.IHA_ContentManagement_AllScenarios" name="RUNALL" time="0.004">
    <failure type="java.lang.NullPointerException" message="Cannot invoke &amp;quot;com.aventstack.extentreports.ExtentTest.log(com.aventstack.extentreports.Status, String)&amp;quot; because the return value of &amp;quot;com.extentReports.ExtentTestManager.getTest()&amp;quot; is null">
      <![CDATA[java.lang.NullPointerException: Cannot invoke "com.aventstack.extentreports.ExtentTest.log(com.aventstack.extentreports.Status, String)" because the return value of "com.extentReports.ExtentTestManager.getTest()" is null
at IHA_ContentMgt.IHA_ContentManagement_AllScenarios.RUNALL(IHA_ContentManagement_AllScenarios.java:262)
at java.base/java.util.ArrayList.forEach(ArrayList.java:1511)
... Removed 27 stack frames]]>
    </failure>
  </testcase> <!-- RUNALL -->
  <testcase classname="IHA_ContentMgt.IHA_ContentManagement_AllScenarios" name="RUNALL" time="0.002">
    <failure type="java.lang.NullPointerException" message="Cannot invoke &amp;quot;com.aventstack.extentreports.ExtentTest.log(com.aventstack.extentreports.Status, String)&amp;quot; because the return value of &amp;quot;com.extentReports.ExtentTestManager.getTest()&amp;quot; is null">
      <![CDATA[java.lang.NullPointerException: Cannot invoke "com.aventstack.extentreports.ExtentTest.log(com.aventstack.extentreports.Status, String)" because the return value of "com.extentReports.ExtentTestManager.getTest()" is null
at IHA_ContentMgt.IHA_ContentManagement_AllScenarios.RUNALL(IHA_ContentManagement_AllScenarios.java:262)
at java.base/java.util.ArrayList.forEach(ArrayList.java:1511)
... Removed 27 stack frames]]>
    </failure>
  </testcase> <!-- RUNALL -->
  <testcase classname="IHA_ContentMgt.IHA_ContentManagement_AllScenarios" name="RUNALL" time="0.003">
    <failure type="java.lang.NullPointerException" message="Cannot invoke &amp;quot;com.aventstack.extentreports.ExtentTest.log(com.aventstack.extentreports.Status, String)&amp;quot; because the return value of &amp;quot;com.extentReports.ExtentTestManager.getTest()&amp;quot; is null">
      <![CDATA[java.lang.NullPointerException: Cannot invoke "com.aventstack.extentreports.ExtentTest.log(com.aventstack.extentreports.Status, String)" because the return value of "com.extentReports.ExtentTestManager.getTest()" is null
at IHA_ContentMgt.IHA_ContentManagement_AllScenarios.RUNALL(IHA_ContentManagement_AllScenarios.java:262)
at java.base/java.util.ArrayList.forEach(ArrayList.java:1511)
... Removed 27 stack frames]]>
    </failure>
  </testcase> <!-- RUNALL -->
  <testcase classname="IHA_ContentMgt.IHA_ContentManagement_AllScenarios" name="RUNALL" time="0.003">
    <failure type="java.lang.NullPointerException" message="Cannot invoke &amp;quot;com.aventstack.extentreports.ExtentTest.log(com.aventstack.extentreports.Status, String)&amp;quot; because the return value of &amp;quot;com.extentReports.ExtentTestManager.getTest()&amp;quot; is null">
      <![CDATA[java.lang.NullPointerException: Cannot invoke "com.aventstack.extentreports.ExtentTest.log(com.aventstack.extentreports.Status, String)" because the return value of "com.extentReports.ExtentTestManager.getTest()" is null
at IHA_ContentMgt.IHA_ContentManagement_AllScenarios.RUNALL(IHA_ContentManagement_AllScenarios.java:262)
at java.base/java.util.ArrayList.forEach(ArrayList.java:1511)
... Removed 27 stack frames]]>
    </failure>
  </testcase> <!-- RUNALL -->
  <testcase classname="IHA_ContentMgt.IHA_ContentManagement_AllScenarios" name="RUNALL" time="0.002">
    <failure type="java.lang.NullPointerException" message="Cannot invoke &amp;quot;com.aventstack.extentreports.ExtentTest.log(com.aventstack.extentreports.Status, String)&amp;quot; because the return value of &amp;quot;com.extentReports.ExtentTestManager.getTest()&amp;quot; is null">
      <![CDATA[java.lang.NullPointerException: Cannot invoke "com.aventstack.extentreports.ExtentTest.log(com.aventstack.extentreports.Status, String)" because the return value of "com.extentReports.ExtentTestManager.getTest()" is null
at IHA_ContentMgt.IHA_ContentManagement_AllScenarios.RUNALL(IHA_ContentManagement_AllScenarios.java:262)
at java.base/java.util.ArrayList.forEach(ArrayList.java:1511)
... Removed 27 stack frames]]>
    </failure>
  </testcase> <!-- RUNALL -->
  <testcase classname="IHA_ContentMgt.IHA_ContentManagement_AllScenarios" name="RUNALL" time="0.001">
    <failure type="java.lang.NullPointerException" message="Cannot invoke &amp;quot;com.aventstack.extentreports.ExtentTest.log(com.aventstack.extentreports.Status, String)&amp;quot; because the return value of &amp;quot;com.extentReports.ExtentTestManager.getTest()&amp;quot; is null">
      <![CDATA[java.lang.NullPointerException: Cannot invoke "com.aventstack.extentreports.ExtentTest.log(com.aventstack.extentreports.Status, String)" because the return value of "com.extentReports.ExtentTestManager.getTest()" is null
at IHA_ContentMgt.IHA_ContentManagement_AllScenarios.RUNALL(IHA_ContentManagement_AllScenarios.java:262)
at java.base/java.util.ArrayList.forEach(ArrayList.java:1511)
... Removed 27 stack frames]]>
    </failure>
  </testcase> <!-- RUNALL -->
  <testcase classname="IHA_ContentMgt.IHA_ContentManagement_AllScenarios" name="RUNALL" time="0.002">
    <failure type="java.lang.NullPointerException" message="Cannot invoke &amp;quot;com.aventstack.extentreports.ExtentTest.log(com.aventstack.extentreports.Status, String)&amp;quot; because the return value of &amp;quot;com.extentReports.ExtentTestManager.getTest()&amp;quot; is null">
      <![CDATA[java.lang.NullPointerException: Cannot invoke "com.aventstack.extentreports.ExtentTest.log(com.aventstack.extentreports.Status, String)" because the return value of "com.extentReports.ExtentTestManager.getTest()" is null
at IHA_ContentMgt.IHA_ContentManagement_AllScenarios.RUNALL(IHA_ContentManagement_AllScenarios.java:262)
at java.base/java.util.ArrayList.forEach(ArrayList.java:1511)
... Removed 27 stack frames]]>
    </failure>
  </testcase> <!-- RUNALL -->
  <testcase classname="IHA_ContentMgt.IHA_ContentManagement_AllScenarios" name="RUNALL" time="0.003">
    <failure type="java.lang.NullPointerException" message="Cannot invoke &amp;quot;com.aventstack.extentreports.ExtentTest.log(com.aventstack.extentreports.Status, String)&amp;quot; because the return value of &amp;quot;com.extentReports.ExtentTestManager.getTest()&amp;quot; is null">
      <![CDATA[java.lang.NullPointerException: Cannot invoke "com.aventstack.extentreports.ExtentTest.log(com.aventstack.extentreports.Status, String)" because the return value of "com.extentReports.ExtentTestManager.getTest()" is null
at IHA_ContentMgt.IHA_ContentManagement_AllScenarios.RUNALL(IHA_ContentManagement_AllScenarios.java:262)
at java.base/java.util.ArrayList.forEach(ArrayList.java:1511)
... Removed 27 stack frames]]>
    </failure>
  </testcase> <!-- RUNALL -->
  <testcase classname="IHA_ContentMgt.IHA_ContentManagement_AllScenarios" name="RUNALL" time="0.003">
    <failure type="java.lang.NullPointerException" message="Cannot invoke &amp;quot;com.aventstack.extentreports.ExtentTest.log(com.aventstack.extentreports.Status, String)&amp;quot; because the return value of &amp;quot;com.extentReports.ExtentTestManager.getTest()&amp;quot; is null">
      <![CDATA[java.lang.NullPointerException: Cannot invoke "com.aventstack.extentreports.ExtentTest.log(com.aventstack.extentreports.Status, String)" because the return value of "com.extentReports.ExtentTestManager.getTest()" is null
at IHA_ContentMgt.IHA_ContentManagement_AllScenarios.RUNALL(IHA_ContentManagement_AllScenarios.java:262)
at java.base/java.util.ArrayList.forEach(ArrayList.java:1511)
... Removed 27 stack frames]]>
    </failure>
  </testcase> <!-- RUNALL -->
</testsuite> <!-- Test(failed) -->
