<?xml version="1.0" encoding="UTF-8"?>
<!-- Generated by org.testng.reporters.JUnitXMLReporter -->
<testsuite ignored="0" hostname="SPMUMLAP-065" failures="0" tests="5" name="Test" time="111.192" errors="0" timestamp="2023-05-28T19:32:57 IST">
  <testcase classname="NCR_Services.Services_AllScenarios" name="RUNALL" time="110.988"/>
  <testcase classname="NCR_Services.Services_AllScenarios" name="RUNALL" time="0.0"/>
  <testcase classname="NCR_Services.Services_AllScenarios" name="RUNALL" time="0.002"/>
  <testcase classname="NCR_Services.Services_AllScenarios" name="RUNALL" time="0.001"/>
  <testcase classname="NCR_Services.Services_AllScenarios" name="RUNALL" time="0.001"/>
</testsuite> <!-- Test -->
